<?xml version="1.0" encoding="UTF-8"?>
<!-- Generated by org.testng.reporters.JUnitXMLReporter -->
<testsuite ignored="2" hostname="DESKTOP-5SFAHUT" failures="0" tests="1" name="Default test(failed)(failed)(failed)" time="51.945" errors="0" timestamp="2024-10-24T11:19:29 IST">
  <testcase classname="com.vtiger.crm.opportunitiespomtest.Create_Opportunities_Test" name="createOpportunitiesWithAmountTest" time="35.164"/>
  <testcase classname="com.vtiger.crm.opportunitiespomtest.Create_Opportunities_Test" name="createOpportunitiesTest" time="0.0">
    <ignored/>
  </testcase> <!-- createOpportunitiesTest -->
  <testcase classname="com.vtiger.crm.opportunitiespomtest.Create_Opportunities_Test" name="createOpportunitiesWithExpectedCloseDateTest" time="0.0">
    <ignored/>
  </testcase> <!-- createOpportunitiesWithExpectedCloseDateTest -->
</testsuite> <!-- Default test(failed)(failed)(failed) -->
