<?xml version="1.0" encoding="UTF-8"?>
<!-- Generated by org.testng.reporters.JUnitXMLReporter -->
<testsuite ignored="2" hostname="DESKTOP-5SFAHUT" failures="1" tests="1" name="Test" time="33.059" errors="0" timestamp="2024-10-28T14:45:58 IST">
  <testcase classname="com.vtiger.crm.orgpomtest.Create_Organization_Test" name="createOrgTest" time="16.667">
    <failure type="java.lang.AssertionError" message="expected [false] but found [true]">
      <![CDATA[java.lang.AssertionError: expected [false] but found [true]
at com.vtiger.crm.orgpomtest.Create_Organization_Test.createOrgTest(Create_Organization_Test.java:48)
at java.base/java.util.ArrayList.forEach(ArrayList.java:1511)
... Removed 34 stack frames]]>
    </failure>
  </testcase> <!-- createOrgTest -->
  <testcase classname="com.vtiger.crm.orgpomtest.Create_Organization_Test" name="createOrgWithIndustryTest" time="0.0">
    <ignored/>
  </testcase> <!-- createOrgWithIndustryTest -->
  <testcase classname="com.vtiger.crm.orgpomtest.Create_Organization_Test" name="createOrgWithPhoneNumberTest" time="0.0">
    <ignored/>
  </testcase> <!-- createOrgWithPhoneNumberTest -->
</testsuite> <!-- Test -->
