<?xml version="1.0" encoding="UTF-8"?>
<!-- Generated by org.testng.reporters.JUnitXMLReporter -->
<testsuite ignored="2" hostname="DESKTOP-5SFAHUT" failures="0" tests="6" name="TestRunner-Chrome" time="463.805" errors="0" timestamp="2024-10-21T16:04:46 IST">
  <testcase classname="com.vtiger.crm.contactpomtest.Create_Contact_Test" name="createContactTest" time="43.494"/>
  <testcase classname="com.vtiger.crm.contactpomtest.Create_Contact_Test" name="createContactWithOrganizationTest" time="152.395"/>
  <testcase classname="com.vtiger.crm.contactpomtest.Create_Contact_Test" name="createContactWithSupportDateTest" time="31.308"/>
  <testcase classname="com.vtiger.crm.orgpomtest.Create_Organization_Test" name="createOrgTest" time="40.227"/>
  <testcase classname="com.vtiger.crm.orgpomtest.Create_Organization_Test" name="createOrgWithIndustryTest" time="26.817"/>
  <testcase classname="com.vtiger.crm.orgpomtest.Create_Organization_Test" name="createOrgWithPhoneNumberTest" time="16.684"/>
  <testcase classname="com.vtiger.crm.basetest.BaseClass" name="@BeforeSuite configBS" time="0.0">
    <ignored/>
  </testcase> <!-- @BeforeSuite configBS -->
  <testcase classname="com.vtiger.crm.basetest.BaseClass" name="@AfterSuite configAS" time="0.0">
    <ignored/>
  </testcase> <!-- @AfterSuite configAS -->
</testsuite> <!-- TestRunner-Chrome -->
